{
  "RSpec": {
    "coverage": {
      "/Users/johnomalley/Rails_Projects/Rails_4.1/get_2gether/config/environment.rb": [
        null,
        1,
        null,
        null,
        1
      ],
      "/Users/johnomalley/Rails_Projects/Rails_4.1/get_2gether/config/application.rb": [
        1,
        null,
        1,
        null,
        null,
        null,
        1,
        null,
        1,
        1,
        null,
        null,
        null,
        null,
        null,
        null,
        null,
        null,
        null,
        null,
        null,
        null,
        null,
        null,
        1,
        1,
        1,
        1,
        1,
        1,
        null,
        null,
        null
      ],
      "/Users/johnomalley/Rails_Projects/Rails_4.1/get_2gether/config/boot.rb": [
        null,
        1,
        null,
        1
      ],
      "/Users/johnomalley/Rails_Projects/Rails_4.1/get_2gether/config/environments/test.rb": [
        1,
        null,
        null,
        null,
        null,
        null,
        null,
        1,
        null,
        null,
        null,
        null,
        1,
        null,
        null,
        1,
        1,
        null,
        null,
        1,
        1,
        null,
        null,
        1,
        null,
        null,
        1,
        null,
        null,
        null,
        null,
        1,
        null,
        null,
        1,
        null,
        null,
        null,
        null,
        1,
        1,
        1,
        1,
        null
      ],
      "/Users/johnomalley/Rails_Projects/Rails_4.1/get_2gether/config/initializers/backtrace_silencers.rb": [
        null,
        null,
        null,
        null,
        null,
        null,
        null
      ],
      "/Users/johnomalley/Rails_Projects/Rails_4.1/get_2gether/config/initializers/cookies_serializer.rb": [
        null,
        null,
        1
      ],
      "/Users/johnomalley/Rails_Projects/Rails_4.1/get_2gether/config/initializers/devise.rb": [
        null,
        null,
        1,
        null,
        null,
        null,
        null,
        null,
        null,
        null,
        null,
        null,
        1,
        null,
        null,
        null,
        null,
        null,
        null,
        null,
        null,
        1,
        null,
        null,
        null,
        null,
        null,
        null,
        null,
        null,
        null,
        null,
        null,
        null,
        null,
        null,
        null,
        null,
        null,
        null,
        null,
        null,
        null,
        1,
        null,
        null,
        null,
        null,
        1,
        null,
        null,
        null,
        null,
        null,
        null,
        null,
        null,
        null,
        null,
        null,
        null,
        null,
        null,
        null,
        null,
        null,
        null,
        null,
        null,
        null,
        null,
        null,
        null,
        null,
        null,
        null,
        null,
        null,
        null,
        1,
        null,
        null,
        null,
        null,
        null,
        null,
        null,
        null,
        null,
        null,
        null,
        null,
        null,
        null,
        null,
        null,
        1,
        null,
        null,
        null,
        null,
        null,
        null,
        null,
        null,
        null,
        null,
        null,
        null,
        null,
        null,
        null,
        null,
        null,
        null,
        null,
        null,
        null,
        null,
        null,
        null,
        1,
        null,
        null,
        null,
        null,
        null,
        null,
        null,
        null,
        null,
        null,
        null,
        null,
        null,
        null,
        null,
        null,
        null,
        1,
        null,
        null,
        null,
        null,
        null,
        null,
        null,
        null,
        null,
        null,
        null,
        null,
        null,
        null,
        null,
        null,
        null,
        null,
        null,
        null,
        null,
        null,
        null,
        null,
        null,
        null,
        null,
        null,
        null,
        null,
        null,
        null,
        null,
        null,
        null,
        null,
        null,
        null,
        null,
        null,
        null,
        null,
        null,
        null,
        null,
        null,
        null,
        null,
        1,
        null,
        null,
        null,
        null,
        null,
        null,
        null,
        null,
        null,
        null,
        null,
        null,
        null,
        null,
        null,
        null,
        null,
        null,
        null,
        null,
        null,
        null,
        null,
        null,
        null,
        null,
        null,
        null,
        null,
        null,
        null,
        null,
        null,
        null,
        null,
        null,
        null,
        1,
        null,
        null,
        null,
        null,
        null,
        null,
        null,
        null,
        null,
        null,
        null,
        null,
        null,
        null,
        null,
        null,
        null,
        null,
        null,
        null,
        null,
        null,
        null,
        null,
        null,
        null,
        null,
        null,
        null
      ],
      "/Users/johnomalley/Rails_Projects/Rails_4.1/get_2gether/config/initializers/filter_parameter_logging.rb": [
        null,
        null,
        null,
        1
      ],
      "/Users/johnomalley/Rails_Projects/Rails_4.1/get_2gether/config/initializers/inflections.rb": [
        null,
        null,
        null,
        null,
        null,
        null,
        null,
        null,
        null,
        null,
        null,
        null,
        null,
        null,
        null,
        null
      ],
      "/Users/johnomalley/Rails_Projects/Rails_4.1/get_2gether/config/initializers/mime_types.rb": [
        null,
        null,
        null,
        null
      ],
      "/Users/johnomalley/Rails_Projects/Rails_4.1/get_2gether/config/initializers/session_store.rb": [
        null,
        null,
        1
      ],
      "/Users/johnomalley/Rails_Projects/Rails_4.1/get_2gether/config/initializers/validates_timeliness.rb": [
        1,
        null,
        null,
        null,
        null,
        null,
        null,
        null,
        null,
        null,
        null,
        null,
        null,
        null,
        null,
        null,
        null,
        null,
        null,
        null,
        null,
        null,
        null,
        null,
        null,
        null,
        null,
        null,
        null,
        null,
        null,
        null,
        null,
        null,
        null,
        null,
        null,
        null,
        null,
        null
      ],
      "/Users/johnomalley/Rails_Projects/Rails_4.1/get_2gether/config/initializers/wrap_parameters.rb": [
        null,
        null,
        null,
        null,
        null,
        null,
        1,
        1,
        null,
        null,
        null,
        null,
        null,
        null
      ],
      "/Users/johnomalley/Rails_Projects/Rails_4.1/get_2gether/config/routes.rb": [
        1,
        null,
        null,
        null,
        null,
        null,
        1,
        null,
        1,
        1,
        null,
        1,
        1,
        1,
        null,
        1,
        null,
        null,
        null,
        null,
        null,
        1,
        null,
        null,
        null,
        null,
        null,
        null,
        null,
        null,
        null,
        null,
        null,
        null,
        null,
        null,
        null,
        null,
        null,
        null,
        null,
        null,
        null,
        null,
        null,
        null,
        null,
        null,
        null,
        null,
        null,
        null,
        null,
        null,
        null,
        null,
        null,
        null,
        null,
        null,
        null,
        null,
        null,
        null,
        null,
        null,
        null,
        null,
        null,
        null,
        null,
        null
      ],
      "/Users/johnomalley/Rails_Projects/Rails_4.1/get_2gether/app/models/person.rb": [
        1,
        1,
        null,
        null,
        1,
        null,
        null,
        1,
        1,
        null,
        1,
        null,
        null,
        807,
        null,
        1,
        1,
        null,
        1,
        null,
        null,
        null,
        16,
        null,
        null,
        1,
        461,
        461,
        461,
        461,
        null,
        null,
        null,
        null,
        null,
        null,
        null,
        null,
        null,
        null
      ],
      "/Users/johnomalley/Rails_Projects/Rails_4.1/get_2gether/app/models/concerns/searchable.rb": [
        1,
        null,
        1,
        2,
        null,
        null,
        null,
        1,
        null,
        null,
        1,
        64,
        128,
        null,
        null,
        64,
        64,
        64,
        64,
        null,
        null,
        null,
        null
      ],
      "/Users/johnomalley/Rails_Projects/Rails_4.1/get_2gether/app/helpers/application_helper.rb": [
        1,
        null,
        1,
        null,
        2,
        null,
        null,
        null
      ],
      "/Users/johnomalley/Rails_Projects/Rails_4.1/get_2gether/app/helpers/form_helper.rb": [
        1,
        1,
        9,
        9,
        9,
        9,
        null,
        18,
        9,
        null,
        null
      ],
      "/Users/johnomalley/Rails_Projects/Rails_4.1/get_2gether/app/helpers/invites_helper.rb": [
        1,
        null
      ],
      "/Users/johnomalley/Rails_Projects/Rails_4.1/get_2gether/app/helpers/meetings_helper.rb": [
        1,
        null
      ],
      "/Users/johnomalley/Rails_Projects/Rails_4.1/get_2gether/app/helpers/people_helper.rb": [
        1,
        null
      ],
      "/Users/johnomalley/Rails_Projects/Rails_4.1/get_2gether/app/controllers/application_controller.rb": [
        1,
        null,
        1,
        null,
        null,
        null,
        1,
        null,
        1,
        1,
        null,
        1,
        1,
        70,
        null,
        null
      ],
      "/Users/johnomalley/Rails_Projects/Rails_4.1/get_2gether/app/models/concerns/ext_controller.rb": [
        1,
        1,
        2,
        null,
        null,
        2,
        2,
        null,
        null,
        1,
        64,
        null,
        64,
        null,
        48,
        null,
        3,
        3,
        null,
        13,
        null,
        null,
        null,
        null,
        null
      ],
      "/Users/johnomalley/Rails_Projects/Rails_4.1/get_2gether/app/controllers/invites_controller.rb": [
        1,
        1,
        16,
        null,
        16,
        16,
        null,
        null,
        null,
        null,
        null,
        null,
        null,
        null,
        null,
        null,
        null,
        null,
        null,
        1,
        4,
        4,
        2,
        null,
        2,
        null,
        null,
        null,
        null,
        null,
        null,
        null,
        1,
        null,
        null,
        0,
        0,
        null,
        null,
        1,
        1,
        6,
        null,
        null
      ],
      "/Users/johnomalley/Rails_Projects/Rails_4.1/get_2gether/app/controllers/meetings_controller.rb": [
        1,
        1,
        41,
        41,
        null,
        null,
        null,
        null,
        null,
        1,
        8,
        null,
        null,
        1,
        1,
        null,
        1,
        null,
        null,
        1,
        2,
        2,
        2,
        1,
        1,
        null,
        1,
        1,
        null,
        null,
        null,
        1,
        null,
        2,
        2,
        1,
        1,
        null,
        1,
        1,
        null,
        null,
        null,
        1,
        null,
        null,
        1,
        4,
        null,
        null
      ],
      "/Users/johnomalley/Rails_Projects/Rails_4.1/get_2gether/app/controllers/people_controller.rb": [
        1,
        1,
        7,
        null,
        7,
        null,
        null,
        null,
        null,
        null,
        1,
        0,
        0,
        0,
        null,
        null
      ],
      "/Users/johnomalley/Rails_Projects/Rails_4.1/get_2gether/app/models/invite.rb": [
        1,
        1,
        1,
        1,
        1,
        null,
        1,
        null,
        1,
        1,
        18,
        2,
        null,
        null,
        null
      ],
      "/Users/johnomalley/Rails_Projects/Rails_4.1/get_2gether/app/models/meeting.rb": [
        1,
        1,
        1,
        null,
        1,
        1,
        null,
        1,
        1,
        12,
        1,
        null,
        null,
        1,
        1,
        254,
        null,
        null,
        1,
        1,
        null,
        9,
        null,
        null,
        1,
        1,
        444,
        null,
        null,
        1,
        443,
        443,
        443,
        null,
        null,
        1,
        263,
        null,
        null,
        1,
        1,
        null,
        null,
        1,
        2,
        12,
        12,
        null,
        2,
        null,
        null,
        null,
        null,
        null
      ],
      "/Users/johnomalley/Rails_Projects/Rails_4.1/get_2gether/app/models/concerns/date_time_helper.rb": [
        1,
        null,
        1,
        1,
        null,
        null,
        null,
        1,
        1,
        17,
        17,
        null,
        1,
        470,
        null,
        null,
        null,
        null,
        null
      ]
    },
    "timestamp": 1403812105
  }
}
